2025-04-04 12:05:34.452583 - Received CBT.V508.FILE578.PDS from FILE578.XMI 
2025-04-04 12:05:34.454026 - Found $$$#DATE.txt (text/plain) in CBT.V508.FILE578.PDS, moved to PDS/$$$#DATE
2025-04-04 12:05:34.454199 - Found $$README.txt (text/plain) in CBT.V508.FILE578.PDS, moved to PDS/$$README
2025-04-04 12:05:34.454350 - Found $INDEX.txt (text/plain) in CBT.V508.FILE578.PDS, moved to PDS/$INDEX
2025-04-04 12:05:34.454499 - Found #CMDS.txt (text/plain) in CBT.V508.FILE578.PDS, moved to PDS/#CMDS
2025-04-04 12:05:34.454637 - Found #CUSTOM.txt (text/plain) in CBT.V508.FILE578.PDS, moved to PDS/#CUSTOM
2025-04-04 12:05:34.454763 - Found #INVOKE.txt (text/plain) in CBT.V508.FILE578.PDS, moved to PDS/#INVOKE
2025-04-04 12:05:34.454906 - Found @FILE578.txt (text/plain) in CBT.V508.FILE578.PDS, moved to PDS/@FILE578
2025-04-04 12:05:34.455037 - Found DEM#1.rexx (text/plain) in CBT.V508.FILE578.PDS, moved to PDS/DEM#1
2025-04-04 12:05:34.455160 - Found DEM#2.rexx (text/plain) in CBT.V508.FILE578.PDS, moved to PDS/DEM#2
2025-04-04 12:05:34.455412 - Found DEM#2A.rexx (text/plain) in CBT.V508.FILE578.PDS, moved to PDS/DEM#2A
2025-04-04 12:05:34.455531 - Found DEM#2B.rexx (text/plain) in CBT.V508.FILE578.PDS, moved to PDS/DEM#2B
2025-04-04 12:05:34.455648 - Found DEM#3.rexx (text/plain) in CBT.V508.FILE578.PDS, moved to PDS/DEM#3
2025-04-04 12:05:34.455988 - Found DEM#4.rexx (text/plain) in CBT.V508.FILE578.PDS, moved to PDS/DEM#4
2025-04-04 12:05:34.456106 - Found DEM#5.rexx (text/plain) in CBT.V508.FILE578.PDS, moved to PDS/DEM#5
2025-04-04 12:05:34.456247 - Found DEM#6.rexx (text/plain) in CBT.V508.FILE578.PDS, moved to PDS/DEM#6
2025-04-04 12:05:34.456385 - Found FANDF.bin (application/octet-stream) in CBT.V508.FILE578.PDS, moved to PDS/FANDF
2025-04-04 12:05:34.456513 - Found PFANDF1.txt (text/plain) in CBT.V508.FILE578.PDS, moved to PDS/PFANDF1
2025-04-04 12:05:34.456644 - Found PFANDF1X.txt (text/plain) in CBT.V508.FILE578.PDS, moved to PDS/PFANDF1X
2025-04-04 12:05:34.456772 - Found PFANDF2.txt (text/plain) in CBT.V508.FILE578.PDS, moved to PDS/PFANDF2
2025-04-04 12:05:34.456887 - Found PFANDF2E.txt (text/plain) in CBT.V508.FILE578.PDS, moved to PDS/PFANDF2E
2025-04-04 12:05:34.457002 - Found PFANDF3.txt (text/plain) in CBT.V508.FILE578.PDS, moved to PDS/PFANDF3
2025-04-04 12:05:34.457176 - Found UTCTBTMP.rexx (text/plain) in CBT.V508.FILE578.PDS, moved to PDS/UTCTBTMP
2025-04-04 12:05:34.457334 - Found UTCTSHAR.rexx (text/plain) in CBT.V508.FILE578.PDS, moved to PDS/UTCTSHAR
2025-04-04 12:05:34.457464 - Found UTPERR01.txt (text/plain) in CBT.V508.FILE578.PDS, moved to PDS/UTPERR01
2025-04-04 12:05:34.457578 - Found UTPTBTMP.txt (text/plain) in CBT.V508.FILE578.PDS, moved to PDS/UTPTBTMP
2025-04-04 12:05:34.457691 - Found UTPTSHAR.txt (text/plain) in CBT.V508.FILE578.PDS, moved to PDS/UTPTSHAR
2025-04-04 12:05:34.457802 - Found UTPVL01.txt (text/plain) in CBT.V508.FILE578.PDS, moved to PDS/UTPVL01
2025-04-04 12:05:34.457912 - Found UTPVL02.txt (text/plain) in CBT.V508.FILE578.PDS, moved to PDS/UTPVL02
2025-04-04 12:05:34.458028 - Found UTTNAMES.bin (application/octet-stream) in CBT.V508.FILE578.PDS, moved to PDS/UTTNAMES
